<?xml version="1.0" encoding="UTF-8"?>
<!-- Generated by org.testng.reporters.JUnitReportReporter -->
<testsuite hostname="DESKTOP-DKAMDAI" failures="0" tests="3" name="com.tests.RahulshettyAcademyTests" time="38.173" errors="0" timestamp="2022-04-09T16:40:11 IST" skipped="0">
  <testcase classname="com.tests.RahulshettyAcademyTests" name="rahulShettySection1Radio" time="14.005"/>
  <system-out/>
  <testcase classname="com.tests.RahulshettyAcademyTests" name="rahulShettySection1Country" time="13.414"/>
  <system-out/>
  <testcase classname="com.tests.RahulshettyAcademyTests" name="rahulShettySection1Dropdown" time="10.754"/>
  <system-out/>
</testsuite> <!-- com.tests.RahulshettyAcademyTests -->
